<?xml version="1.0" encoding="UTF-8" standalone="yes" ?>
<test-results name="C:\Users\Nathan\Desktop\Training Programs\Coding\Internet Bookstore\Bin\Win32\Debug\UnitTest.exe" total="34" errors="0" failures="0" ignored="0" inconclusive="0" not-run="0" skipped="0" invalid="0" date="2023-09-05" time="0.413">
  <culture-info current-culture="en" current-uiculture="en" />
  <test-suite type="Assembly" name="UnitTest.exe" executed="true" result="Success" success="True" time="0.413" asserts="0">
    <results>
        <test-suite type="Namespace" name="MainPresenterTest" executed="true" result="Success" success="True" time="0.413" asserts="0" >
          <results>
              <test-suite type="Fixture" name="TMainPresenterTest" executed="True" result="Success" success="True" time="0.413" >
                <results>
                  <test-case name="LoadBooks_SuccessfullyRetrieveBooks_BookCountIsNotZero" executed="True" result="Success" success="True" time="0.000" asserts="0" />
                  <test-case name="LoadBooks_SuccessfullyRetrieveBooks_BookCountShouldBeThree" executed="True" result="Success" success="True" time="0.000" asserts="0" />
                  <test-case name="ShowBookDetails_SucessfullyRetrieveSelectedBook_ShouldMatchBookName" executed="True" result="Success" success="True" time="0.000" asserts="0" />
                  <test-case name="ShowBookDetails_SucessfullyRetrieveSelectedBook_ShouldMatchBookSynopsis" executed="True" result="Success" success="True" time="0.000" asserts="0" />
                  <test-case name="ShowBookDetails_SucessfullyRetrieveSelectedBook_ShouldMatchBookID" executed="True" result="Success" success="True" time="0.000" asserts="0" />
                  <test-case name="ShowBookDetails_RetrieveNilBook_ShouldBeNil" executed="True" result="Success" success="True" time="0.000" asserts="0" />
                  <test-case name="LoadBooks_NoBooksFound_CountShouldBeZero" executed="True" result="Success" success="True" time="0.000" asserts="0" />
                  <test-case name="LoadBooks_NoBooksFound_ShowMessageMatchErrorMessage" executed="True" result="Success" success="True" time="0.000" asserts="0" />
                  <test-case name="ShowBookDetails_SucessfullyDiplayBookDetailsView_MatchingDisplayMessage" executed="True" result="Success" success="True" time="0.009" asserts="0" />
                </results>
              </test-suite>
          </results>
        </test-suite>
        <test-suite type="Namespace" name="CustomerReviewServiceTest" executed="true" result="Success" success="True" time="0.294" asserts="0" >
          <results>
              <test-suite type="Fixture" name="TCustomerReviewServiceTest" executed="True" result="Success" success="True" time="0.294" >
                <results>
                  <test-case name="Validate_SucessfullyValidateReview_WillNotRaiseException" executed="True" result="Success" success="True" time="0.000" asserts="0" />
                  <test-case name="Validate_InputInvalidCustomerReview_MatchingErrorMessage.Review is less than 10 char" executed="True" result="Success" success="True" time="0.000" asserts="0" />
                  <test-case name="Validate_InputInvalidCustomerReview_MatchingErrorMessage.Rating is equal to 0" executed="True" result="Success" success="True" time="0.000" asserts="0" />
                  <test-case name="Validate_InputInvalidCustomerReview_MatchingErrorMessage.Rating is less than 0" executed="True" result="Success" success="True" time="0.000" asserts="0" />
                  <test-case name="Validate_InputInvalidCustomerReview_MatchingErrorMessage.Rating is more than 5" executed="True" result="Success" success="True" time="0.000" asserts="0" />
                  <test-case name="Validate_InputInvalidCustomerReview_MatchingErrorMessage.Rating is floating point" executed="True" result="Success" success="True" time="0.000" asserts="0" />
                </results>
              </test-suite>
          </results>
        </test-suite>
        <test-suite type="Namespace" name="BookServiceTest" executed="true" result="Success" success="True" time="0.236" asserts="0" >
          <results>
              <test-suite type="Fixture" name="TBookServiceTest" executed="True" result="Success" success="True" time="0.236" >
                <results>
                  <test-case name="CreateBook_TitleIsEmpty_RaiseException" executed="True" result="Success" success="True" time="0.000" asserts="0" />
                  <test-case name="CreateBook_SynopsisIsEmpty_RaiseException" executed="True" result="Success" success="True" time="0.001" asserts="0" />
                  <test-case name="CreateBook_SuccessfullyInsert_WillNotRaiseException" executed="True" result="Success" success="True" time="0.000" asserts="0" />
                  <test-case name="GetBook_InvalidIdRange_RaiseException.ZeroID" executed="True" result="Success" success="True" time="0.000" asserts="0" />
                  <test-case name="GetBook_InvalidIdRange_RaiseException.NegativeID" executed="True" result="Success" success="True" time="0.000" asserts="0" />
                  <test-case name="GetBook_InvalidIdRange_RaiseException.ExceedingID" executed="True" result="Success" success="True" time="0.000" asserts="0" />
                  <test-case name="GetBook_MatchingErrorMessage_True.ZeroIdMessage" executed="True" result="Success" success="True" time="0.000" asserts="0" />
                  <test-case name="GetBook_MatchingErrorMessage_True.NegativeIdMessage" executed="True" result="Success" success="True" time="0.000" asserts="0" />
                  <test-case name="GetBook_MatchingErrorMessage_True.ExceedingIdMessage" executed="True" result="Success" success="True" time="0.000" asserts="0" />
                  <test-case name="GetBook_SucessfullyRetrieveBook_True" executed="True" result="Success" success="True" time="0.000" asserts="0" />
                  <test-case name="GetAllBooks_DatabaseHasData_True" executed="True" result="Success" success="True" time="0.000" asserts="0" />
                  <test-case name="GetAllBooks_DataBaseIsEmpty_True" executed="True" result="Success" success="True" time="0.000" asserts="0" />
                </results>
              </test-suite>
          </results>
        </test-suite>
        <test-suite type="Namespace" name="BookDetailsPresenterTest" executed="true" result="Success" success="True" time="0.130" asserts="0" >
          <results>
              <test-suite type="Fixture" name="TBookDetailsPresenterTest" executed="True" result="Success" success="True" time="0.130" >
                <results>
                  <test-case name="IsUserNotAuthorized_UserIsLoggedIn" executed="True" result="Success" success="True" time="0.001" asserts="0" />
                  <test-case name="ComposeReview_DisplayWriteReview" executed="True" result="Success" success="True" time="0.001" asserts="0" />
                  <test-case name="IsUserNotAuthorized_UserIsNotLoggedIn" executed="True" result="Success" success="True" time="0.000" asserts="0" />
                </results>
              </test-suite>
          </results>
        </test-suite>
        <test-suite type="Namespace" name="WriteReviewPresenterTest" executed="true" result="Success" success="True" time="0.071" asserts="0" >
          <results>
              <test-suite type="Fixture" name="TWriteReviewPresenterTest" executed="True" result="Success" success="True" time="0.071" >
                <results>
                  <test-case name="Validate_SubmitValidReview_MatchingExceptionMessage" executed="True" result="Success" success="True" time="0.000" asserts="0" />
                  <test-case name="Validate_SubmitInvalidReview_MatchExceptionMessage" executed="True" result="Success" success="True" time="0.001" asserts="0" />
                  <test-case name="SubmitReview_SubmitSucessfully_MatchingMessageWithView" executed="True" result="Success" success="True" time="0.000" asserts="0" />
                  <test-case name="SubmitReview_SubmissionFail_MatchingExceptionMessage" executed="True" result="Success" success="True" time="0.000" asserts="0" />
                </results>
              </test-suite>
          </results>
        </test-suite>
    </results>
  </test-suite>
</test-results>
